TN:
SF:src\polyfills.ts
FNF:0
FNH:0
LF:0
LH:0
BRF:0
BRH:0
end_of_record
TN:
SF:src\test.ts
FNF:0
FNH:0
DA:18,1
DA:23,1
DA:25,1
LF:3
LH:3
BRF:0
BRH:0
end_of_record
TN:
SF:src\app\app.component.ts
FN:11,(anonymous_0)
FN:12,(anonymous_1)
FN:15,(anonymous_2)
FN:19,(anonymous_3)
FNF:4
FNH:4
FNDA:6,(anonymous_0)
FNDA:1,(anonymous_1)
FNDA:1,(anonymous_2)
FNDA:1,(anonymous_3)
DA:9,1
DA:10,6
DA:11,6
DA:13,1
DA:17,1
DA:21,1
LF:6
LH:6
BRF:0
BRH:0
end_of_record
TN:
SF:src\app\Services\CustomerAlertService.ts
FNF:0
FNH:0
DA:5,1
LF:1
LH:1
BRF:0
BRH:0
end_of_record
TN:
SF:src\app\Services\ProductRecordService.ts
FNF:0
FNH:0
DA:5,1
LF:1
LH:1
BRF:0
BRH:0
end_of_record
TN:
SF:src\app\add-device\add-device.component.ts
FN:17,(anonymous_0)
FN:38,(anonymous_1)
FN:41,(anonymous_2)
FN:50,(anonymous_3)
FN:57,(anonymous_4)
FN:63,(anonymous_5)
FN:69,(anonymous_6)
FNF:7
FNH:6
FNDA:9,(anonymous_0)
FNDA:1,(anonymous_1)
FNDA:1,(anonymous_2)
FNDA:0,(anonymous_3)
FNDA:3,(anonymous_4)
FNDA:2,(anonymous_5)
FNDA:1,(anonymous_6)
DA:10,1
DA:18,9
DA:19,9
DA:20,9
DA:43,1
DA:49,1
DA:50,1
DA:52,0
DA:55,1
DA:58,3
DA:59,2
DA:61,3
DA:64,2
DA:65,1
DA:67,2
DA:70,1
DA:71,1
DA:72,1
DA:73,1
DA:74,1
DA:75,1
DA:76,1
DA:77,1
DA:78,1
DA:79,1
DA:80,1
DA:81,1
DA:82,1
DA:83,1
DA:84,1
LF:30
LH:29
BRDA:58,0,0,2
BRDA:58,0,1,1
BRDA:64,1,0,1
BRDA:64,1,1,1
BRF:4
BRH:4
end_of_record
TN:
SF:src\app\chat-bot\chat-bot.component.ts
FN:39,(anonymous_0)
FN:58,(anonymous_1)
FN:62,(anonymous_2)
FN:64,(anonymous_3)
FN:67,(anonymous_4)
FN:74,(anonymous_5)
FN:87,(anonymous_6)
FN:92,(anonymous_7)
FN:98,(anonymous_8)
FN:103,(anonymous_9)
FN:109,(anonymous_10)
FN:115,(anonymous_11)
FN:121,(anonymous_12)
FN:126,(anonymous_13)
FN:132,(anonymous_14)
FN:137,(anonymous_15)
FN:143,(anonymous_16)
FN:148,(anonymous_17)
FN:154,(anonymous_18)
FN:159,(anonymous_19)
FN:165,(anonymous_20)
FN:170,(anonymous_21)
FN:176,(anonymous_22)
FN:181,(anonymous_23)
FN:187,(anonymous_24)
FN:192,(anonymous_25)
FN:198,(anonymous_26)
FN:203,(anonymous_27)
FN:209,(anonymous_28)
FN:217,(anonymous_29)
FNF:30
FNH:19
FNDA:20,(anonymous_0)
FNDA:1,(anonymous_1)
FNDA:1,(anonymous_2)
FNDA:1,(anonymous_3)
FNDA:1,(anonymous_4)
FNDA:1,(anonymous_5)
FNDA:2,(anonymous_6)
FNDA:0,(anonymous_7)
FNDA:2,(anonymous_8)
FNDA:0,(anonymous_9)
FNDA:2,(anonymous_10)
FNDA:0,(anonymous_11)
FNDA:2,(anonymous_12)
FNDA:0,(anonymous_13)
FNDA:2,(anonymous_14)
FNDA:0,(anonymous_15)
FNDA:2,(anonymous_16)
FNDA:0,(anonymous_17)
FNDA:2,(anonymous_18)
FNDA:0,(anonymous_19)
FNDA:2,(anonymous_20)
FNDA:0,(anonymous_21)
FNDA:2,(anonymous_22)
FNDA:0,(anonymous_23)
FNDA:2,(anonymous_24)
FNDA:0,(anonymous_25)
FNDA:2,(anonymous_26)
FNDA:0,(anonymous_27)
FNDA:1,(anonymous_28)
FNDA:3,(anonymous_29)
DA:12,1
DA:39,20
DA:40,20
DA:41,20
DA:42,20
DA:43,20
DA:44,20
DA:45,20
DA:46,20
DA:47,20
DA:48,20
DA:49,20
DA:50,20
DA:51,20
DA:52,20
DA:53,20
DA:54,20
DA:55,20
DA:56,20
DA:60,1
DA:65,1
DA:68,1
DA:69,1
DA:70,1
DA:71,1
DA:72,1
DA:75,1
DA:76,1
DA:77,1
DA:78,1
DA:79,1
DA:80,1
DA:81,1
DA:82,1
DA:83,1
DA:84,1
DA:85,1
DA:88,2
DA:89,4
DA:90,1
DA:91,1
DA:92,1
DA:93,0
DA:99,2
DA:100,4
DA:101,1
DA:102,1
DA:103,1
DA:104,0
DA:110,2
DA:111,12
DA:112,1
DA:113,1
DA:114,1
DA:115,1
DA:116,0
DA:122,2
DA:123,4
DA:124,1
DA:125,1
DA:126,1
DA:127,0
DA:133,2
DA:134,6
DA:135,1
DA:136,1
DA:137,1
DA:138,0
DA:144,2
DA:145,6
DA:146,1
DA:147,1
DA:148,1
DA:149,0
DA:155,2
DA:156,2
DA:157,1
DA:158,1
DA:159,1
DA:160,0
DA:166,2
DA:167,2
DA:168,1
DA:169,1
DA:170,1
DA:171,0
DA:177,2
DA:178,6
DA:179,1
DA:180,1
DA:181,1
DA:182,0
DA:188,2
DA:189,6
DA:190,1
DA:191,1
DA:192,1
DA:193,0
DA:199,2
DA:200,8
DA:201,1
DA:202,1
DA:203,1
DA:204,0
DA:210,1
DA:211,1
DA:212,1
DA:213,4
DA:215,1
DA:219,3
DA:220,2
DA:223,1
LF:112
LH:101
BRDA:89,0,0,1
BRDA:89,0,1,3
BRDA:89,1,0,4
BRDA:89,1,1,2
BRDA:100,2,0,1
BRDA:100,2,1,3
BRDA:100,3,0,4
BRDA:100,3,1,1
BRDA:111,4,0,1
BRDA:111,4,1,11
BRDA:111,5,0,12
BRDA:111,5,1,2
BRDA:123,6,0,1
BRDA:123,6,1,3
BRDA:123,7,0,4
BRDA:123,7,1,1
BRDA:134,8,0,1
BRDA:134,8,1,5
BRDA:134,9,0,6
BRDA:134,9,1,2
BRDA:145,10,0,1
BRDA:145,10,1,5
BRDA:145,11,0,6
BRDA:145,11,1,3
BRDA:156,12,0,1
BRDA:156,12,1,1
BRDA:156,13,0,2
BRDA:156,13,1,1
BRDA:167,14,0,1
BRDA:167,14,1,1
BRDA:167,15,0,2
BRDA:167,15,1,1
BRDA:178,16,0,1
BRDA:178,16,1,5
BRDA:178,17,0,6
BRDA:178,17,1,1
BRDA:189,18,0,1
BRDA:189,18,1,5
BRDA:189,19,0,6
BRDA:189,19,1,1
BRDA:200,20,0,1
BRDA:200,20,1,7
BRDA:200,21,0,8
BRDA:200,21,1,2
BRDA:219,22,0,2
BRDA:219,22,1,1
BRF:46
BRH:46
end_of_record
TN:
SF:src\app\configuration\configuration.component.ts
FN:17,(anonymous_0)
FN:23,(anonymous_1)
FN:26,(anonymous_2)
FN:29,(anonymous_3)
FN:33,(anonymous_4)
FN:37,(anonymous_5)
FN:39,(anonymous_6)
FN:49,(anonymous_7)
FN:64,(anonymous_8)
FNF:9
FNH:8
FNDA:12,(anonymous_0)
FNDA:1,(anonymous_1)
FNDA:1,(anonymous_2)
FNDA:1,(anonymous_3)
FNDA:1,(anonymous_4)
FNDA:1,(anonymous_5)
FNDA:0,(anonymous_6)
FNDA:1,(anonymous_7)
FNDA:1,(anonymous_8)
DA:10,1
DA:17,12
DA:18,12
DA:19,12
DA:20,12
DA:27,1
DA:31,1
DA:35,1
DA:38,1
DA:39,1
DA:42,0
DA:51,1
DA:52,1
DA:54,1
DA:55,1
DA:56,14
DA:59,1
DA:65,1
LF:18
LH:17
BRF:0
BRH:0
end_of_record
TN:
SF:src\app\customer-form\customer-form.component.ts
FN:17,(anonymous_0)
FN:29,(anonymous_1)
FN:31,(anonymous_2)
FN:38,(anonymous_3)
FN:46,(anonymous_4)
FN:52,(anonymous_5)
FN:58,(anonymous_6)
FNF:7
FNH:6
FNDA:9,(anonymous_0)
FNDA:1,(anonymous_1)
FNDA:1,(anonymous_2)
FNDA:0,(anonymous_3)
FNDA:3,(anonymous_4)
FNDA:2,(anonymous_5)
FNDA:2,(anonymous_6)
DA:12,1
DA:17,9
DA:18,9
DA:19,9
DA:20,9
DA:33,1
DA:34,1
DA:35,1
DA:36,1
DA:37,1
DA:38,1
DA:40,0
DA:43,1
DA:44,1
DA:47,3
DA:48,2
DA:50,3
DA:53,2
DA:54,1
DA:56,2
DA:59,2
DA:60,2
DA:61,2
LF:23
LH:22
BRDA:47,0,0,2
BRDA:47,0,1,1
BRDA:53,1,0,1
BRDA:53,1,1,1
BRF:4
BRH:4
end_of_record
TN:
SF:src\app\delete-device\delete-device.component.ts
FN:14,(anonymous_0)
FN:19,(anonymous_1)
FN:21,(anonymous_2)
FN:24,(anonymous_3)
FN:33,(anonymous_4)
FN:39,(anonymous_5)
FN:45,(anonymous_6)
FNF:7
FNH:6
FNDA:9,(anonymous_0)
FNDA:1,(anonymous_1)
FNDA:1,(anonymous_2)
FNDA:0,(anonymous_3)
FNDA:3,(anonymous_4)
FNDA:2,(anonymous_5)
FNDA:1,(anonymous_6)
DA:9,1
DA:15,9
DA:16,9
DA:23,1
DA:24,1
DA:26,0
DA:29,1
DA:34,3
DA:35,2
DA:37,3
DA:40,2
DA:41,1
DA:43,2
DA:46,1
DA:47,1
LF:15
LH:14
BRDA:34,0,0,2
BRDA:34,0,1,1
BRDA:40,1,0,1
BRDA:40,1,1,1
BRF:4
BRH:4
end_of_record
TN:
SF:src\app\get-product-by-id\get-product-by-id.component.ts
FN:18,(anonymous_0)
FN:25,(anonymous_1)
FN:28,(anonymous_2)
FN:30,(anonymous_3)
FN:36,(anonymous_4)
FN:41,(anonymous_5)
FN:52,(anonymous_6)
FNF:7
FNH:6
FNDA:9,(anonymous_0)
FNDA:1,(anonymous_1)
FNDA:1,(anonymous_2)
FNDA:0,(anonymous_3)
FNDA:3,(anonymous_4)
FNDA:2,(anonymous_5)
FNDA:1,(anonymous_6)
DA:11,1
DA:19,9
DA:20,9
DA:21,9
DA:22,9
DA:29,1
DA:30,1
DA:31,0
DA:33,1
DA:37,3
DA:38,2
DA:42,2
DA:43,1
DA:44,1
DA:45,1
DA:46,1
DA:47,1
DA:48,1
DA:53,1
DA:54,1
LF:20
LH:19
BRDA:37,0,0,2
BRDA:37,0,1,1
BRDA:42,1,0,1
BRDA:42,1,1,1
BRF:4
BRH:4
end_of_record
TN:
SF:src\app\home\home.component.ts
FNF:0
FNH:0
DA:10,1
LF:1
LH:1
BRF:0
BRH:0
end_of_record
TN:
SF:src\app\login\login.component.ts
FN:12,(anonymous_0)
FN:14,(anonymous_1)
FN:18,(anonymous_2)
FN:23,(anonymous_3)
FN:27,(anonymous_4)
FN:38,(anonymous_5)
FNF:6
FNH:6
FNDA:8,(anonymous_0)
FNDA:1,(anonymous_1)
FNDA:1,(anonymous_2)
FNDA:1,(anonymous_3)
FNDA:2,(anonymous_4)
FNDA:1,(anonymous_5)
DA:8,1
DA:9,8
DA:10,8
DA:11,8
DA:12,8
DA:19,1
DA:24,1
DA:29,2
DA:30,1
DA:31,1
DA:34,1
DA:40,1
DA:41,1
DA:42,1
LF:14
LH:14
BRDA:29,0,0,1
BRDA:29,0,1,1
BRDA:29,1,0,2
BRDA:29,1,1,1
BRF:4
BRH:4
end_of_record
TN:
SF:src\app\update-device\update-device.component.ts
FN:17,(anonymous_0)
FN:38,(anonymous_1)
FN:41,(anonymous_2)
FN:50,(anonymous_3)
FN:57,(anonymous_4)
FN:63,(anonymous_5)
FN:69,(anonymous_6)
FNF:7
FNH:6
FNDA:9,(anonymous_0)
FNDA:1,(anonymous_1)
FNDA:1,(anonymous_2)
FNDA:0,(anonymous_3)
FNDA:3,(anonymous_4)
FNDA:2,(anonymous_5)
FNDA:1,(anonymous_6)
DA:10,1
DA:18,9
DA:19,9
DA:20,9
DA:43,1
DA:49,1
DA:50,1
DA:52,0
DA:55,1
DA:58,3
DA:59,2
DA:61,3
DA:64,2
DA:65,1
DA:67,2
DA:70,1
DA:71,1
DA:72,1
DA:73,1
DA:74,1
DA:75,1
DA:76,1
DA:77,1
DA:78,1
DA:79,1
DA:80,1
DA:81,1
DA:82,1
DA:83,1
DA:84,1
LF:30
LH:29
BRDA:58,0,0,2
BRDA:58,0,1,1
BRDA:64,1,0,1
BRDA:64,1,1,1
BRF:4
BRH:4
end_of_record
